[0.453s] Invoking command in '/home/custom_msg_ros1_bridge/ros2_ws/src/my_ros2_pkg': PYTHONPATH=/home/custom_msg_ros1_bridge/ros2_ws/build/my_ros2_pkg/prefix_override:/home/custom_msg_ros1_bridge/ros2_ws/install/my_ros2_pkg/lib/python3.8/site-packages:${PYTHONPATH} /usr/bin/python3 -W ignore:setup.py install is deprecated setup.py egg_info --egg-base ../../build/my_ros2_pkg build --build-base /home/custom_msg_ros1_bridge/ros2_ws/build/my_ros2_pkg/build install --record /home/custom_msg_ros1_bridge/ros2_ws/build/my_ros2_pkg/install.log --install-scripts $base/lib/my_ros2_pkg --single-version-externally-managed install_data
[0.602s] running egg_info
[0.603s] writing ../../build/my_ros2_pkg/my_ros2_pkg.egg-info/PKG-INFO
[0.603s] writing dependency_links to ../../build/my_ros2_pkg/my_ros2_pkg.egg-info/dependency_links.txt
[0.603s] writing entry points to ../../build/my_ros2_pkg/my_ros2_pkg.egg-info/entry_points.txt
[0.603s] writing requirements to ../../build/my_ros2_pkg/my_ros2_pkg.egg-info/requires.txt
[0.603s] writing top-level names to ../../build/my_ros2_pkg/my_ros2_pkg.egg-info/top_level.txt
[0.630s] reading manifest file '../../build/my_ros2_pkg/my_ros2_pkg.egg-info/SOURCES.txt'
[0.630s] writing manifest file '../../build/my_ros2_pkg/my_ros2_pkg.egg-info/SOURCES.txt'
[0.630s] running build
[0.630s] running build_py
[0.630s] running install
[0.631s] running install_lib
[0.632s] running install_data
[0.632s] running install_egg_info
[0.633s] removing '/home/custom_msg_ros1_bridge/ros2_ws/install/my_ros2_pkg/lib/python3.8/site-packages/my_ros2_pkg-0.0.0-py3.8.egg-info' (and everything under it)
[0.633s] Copying ../../build/my_ros2_pkg/my_ros2_pkg.egg-info to /home/custom_msg_ros1_bridge/ros2_ws/install/my_ros2_pkg/lib/python3.8/site-packages/my_ros2_pkg-0.0.0-py3.8.egg-info
[0.633s] running install_scripts
[0.646s] Installing my_publisher script to /home/custom_msg_ros1_bridge/ros2_ws/install/my_ros2_pkg/lib/my_ros2_pkg
[0.646s] writing list of installed files to '/home/custom_msg_ros1_bridge/ros2_ws/build/my_ros2_pkg/install.log'
[0.658s] Invoked command in '/home/custom_msg_ros1_bridge/ros2_ws/src/my_ros2_pkg' returned '0': PYTHONPATH=/home/custom_msg_ros1_bridge/ros2_ws/build/my_ros2_pkg/prefix_override:/home/custom_msg_ros1_bridge/ros2_ws/install/my_ros2_pkg/lib/python3.8/site-packages:${PYTHONPATH} /usr/bin/python3 -W ignore:setup.py install is deprecated setup.py egg_info --egg-base ../../build/my_ros2_pkg build --build-base /home/custom_msg_ros1_bridge/ros2_ws/build/my_ros2_pkg/build install --record /home/custom_msg_ros1_bridge/ros2_ws/build/my_ros2_pkg/install.log --install-scripts $base/lib/my_ros2_pkg --single-version-externally-managed install_data
