[0.712s] Invoking command in '/home/custom_msg_ros1_bridge/ros2_ws/src/my_ros2_pkg': PYTHONPATH=/home/custom_msg_ros1_bridge/ros2_ws/build/my_ros2_pkg/prefix_override:/home/custom_msg_ros1_bridge/ros2_ws/install/my_ros2_pkg/lib/python3.8/site-packages:${PYTHONPATH} /usr/bin/python3 -W ignore:setup.py install is deprecated setup.py egg_info --egg-base ../../build/my_ros2_pkg build --build-base /home/custom_msg_ros1_bridge/ros2_ws/build/my_ros2_pkg/build install --record /home/custom_msg_ros1_bridge/ros2_ws/build/my_ros2_pkg/install.log --install-scripts $base/lib/my_ros2_pkg --single-version-externally-managed install_data
[0.874s] running egg_info
[0.875s] creating ../../build/my_ros2_pkg/my_ros2_pkg.egg-info
[0.875s] writing ../../build/my_ros2_pkg/my_ros2_pkg.egg-info/PKG-INFO
[0.875s] writing dependency_links to ../../build/my_ros2_pkg/my_ros2_pkg.egg-info/dependency_links.txt
[0.875s] writing entry points to ../../build/my_ros2_pkg/my_ros2_pkg.egg-info/entry_points.txt
[0.875s] writing requirements to ../../build/my_ros2_pkg/my_ros2_pkg.egg-info/requires.txt
[0.875s] writing top-level names to ../../build/my_ros2_pkg/my_ros2_pkg.egg-info/top_level.txt
[0.876s] writing manifest file '../../build/my_ros2_pkg/my_ros2_pkg.egg-info/SOURCES.txt'
[0.902s] reading manifest file '../../build/my_ros2_pkg/my_ros2_pkg.egg-info/SOURCES.txt'
[0.902s] writing manifest file '../../build/my_ros2_pkg/my_ros2_pkg.egg-info/SOURCES.txt'
[0.902s] running build
[0.902s] running build_py
[0.903s] creating /home/custom_msg_ros1_bridge/ros2_ws/build/my_ros2_pkg/build
[0.903s] creating /home/custom_msg_ros1_bridge/ros2_ws/build/my_ros2_pkg/build/lib
[0.903s] creating /home/custom_msg_ros1_bridge/ros2_ws/build/my_ros2_pkg/build/lib/my_ros2_pkg
[0.903s] copying my_ros2_pkg/__init__.py -> /home/custom_msg_ros1_bridge/ros2_ws/build/my_ros2_pkg/build/lib/my_ros2_pkg
[0.903s] copying my_ros2_pkg/my_publisher.py -> /home/custom_msg_ros1_bridge/ros2_ws/build/my_ros2_pkg/build/lib/my_ros2_pkg
[0.903s] running install
[0.903s] running install_lib
[0.904s] creating /home/custom_msg_ros1_bridge/ros2_ws/install/my_ros2_pkg/lib/python3.8/site-packages/my_ros2_pkg
[0.904s] copying /home/custom_msg_ros1_bridge/ros2_ws/build/my_ros2_pkg/build/lib/my_ros2_pkg/__init__.py -> /home/custom_msg_ros1_bridge/ros2_ws/install/my_ros2_pkg/lib/python3.8/site-packages/my_ros2_pkg
[0.904s] copying /home/custom_msg_ros1_bridge/ros2_ws/build/my_ros2_pkg/build/lib/my_ros2_pkg/my_publisher.py -> /home/custom_msg_ros1_bridge/ros2_ws/install/my_ros2_pkg/lib/python3.8/site-packages/my_ros2_pkg
[0.904s] byte-compiling /home/custom_msg_ros1_bridge/ros2_ws/install/my_ros2_pkg/lib/python3.8/site-packages/my_ros2_pkg/__init__.py to __init__.cpython-38.pyc
[0.905s] byte-compiling /home/custom_msg_ros1_bridge/ros2_ws/install/my_ros2_pkg/lib/python3.8/site-packages/my_ros2_pkg/my_publisher.py to my_publisher.cpython-38.pyc
[0.905s] running install_data
[0.905s] creating /home/custom_msg_ros1_bridge/ros2_ws/install/my_ros2_pkg/share/ament_index
[0.905s] creating /home/custom_msg_ros1_bridge/ros2_ws/install/my_ros2_pkg/share/ament_index/resource_index
[0.905s] creating /home/custom_msg_ros1_bridge/ros2_ws/install/my_ros2_pkg/share/ament_index/resource_index/packages
[0.905s] copying resource/my_ros2_pkg -> /home/custom_msg_ros1_bridge/ros2_ws/install/my_ros2_pkg/share/ament_index/resource_index/packages
[0.905s] copying package.xml -> /home/custom_msg_ros1_bridge/ros2_ws/install/my_ros2_pkg/share/my_ros2_pkg
[0.905s] running install_egg_info
[0.906s] Copying ../../build/my_ros2_pkg/my_ros2_pkg.egg-info to /home/custom_msg_ros1_bridge/ros2_ws/install/my_ros2_pkg/lib/python3.8/site-packages/my_ros2_pkg-0.0.0-py3.8.egg-info
[0.906s] running install_scripts
[0.919s] Installing my_publisher script to /home/custom_msg_ros1_bridge/ros2_ws/install/my_ros2_pkg/lib/my_ros2_pkg
[0.919s] writing list of installed files to '/home/custom_msg_ros1_bridge/ros2_ws/build/my_ros2_pkg/install.log'
[0.932s] Invoked command in '/home/custom_msg_ros1_bridge/ros2_ws/src/my_ros2_pkg' returned '0': PYTHONPATH=/home/custom_msg_ros1_bridge/ros2_ws/build/my_ros2_pkg/prefix_override:/home/custom_msg_ros1_bridge/ros2_ws/install/my_ros2_pkg/lib/python3.8/site-packages:${PYTHONPATH} /usr/bin/python3 -W ignore:setup.py install is deprecated setup.py egg_info --egg-base ../../build/my_ros2_pkg build --build-base /home/custom_msg_ros1_bridge/ros2_ws/build/my_ros2_pkg/build install --record /home/custom_msg_ros1_bridge/ros2_ws/build/my_ros2_pkg/install.log --install-scripts $base/lib/my_ros2_pkg --single-version-externally-managed install_data
