[0.000000] (-) TimerEvent: {}
[0.000046] (my_ros2_pkg) JobQueued: {'identifier': 'my_ros2_pkg', 'dependencies': OrderedDict()}
[0.000292] (my_ros2_pkg) JobStarted: {'identifier': 'my_ros2_pkg'}
[0.099929] (-) TimerEvent: {}
[0.200152] (-) TimerEvent: {}
[0.300324] (-) TimerEvent: {}
[0.400479] (-) TimerEvent: {}
[0.452991] (my_ros2_pkg) Command: {'cmd': ['/usr/bin/python3', '-W', 'ignore:setup.py install is deprecated', 'setup.py', 'egg_info', '--egg-base', '../../build/my_ros2_pkg', 'build', '--build-base', '/home/custom_msg_ros1_bridge/ros2_ws/build/my_ros2_pkg/build', 'install', '--record', '/home/custom_msg_ros1_bridge/ros2_ws/build/my_ros2_pkg/install.log', '--install-scripts', '$base/lib/my_ros2_pkg', '--single-version-externally-managed', 'install_data'], 'cwd': '/home/custom_msg_ros1_bridge/ros2_ws/src/my_ros2_pkg', 'env': {'LANGUAGE': 'en_US.UTF-8', 'HOSTNAME': 'Conti3090', 'ROS_PACKAGE_PATH': '/opt/ros/noetic/share', 'ROS_ETC_DIR': '/opt/ros/noetic/etc/ros', 'SHLVL': '1', 'LD_LIBRARY_PATH': '/opt/ros/foxy/opt/yaml_cpp_vendor/lib:/opt/ros/foxy/opt/rviz_ogre_vendor/lib:/opt/ros/foxy/lib/x86_64-linux-gnu:/opt/ros/foxy/lib:/opt/ros/noetic/lib', 'HOME': '/root', 'OLDPWD': '/home/custom_msg_ros1_bridge/ros1_ws', 'ROS_PYTHON_VERSION': '3', 'ROS_IP': '10.0.0.212', 'ROS_DISTRO': 'foxy', '_': '/usr/bin/colcon', 'ROS_VERSION': '2', 'PKG_CONFIG_PATH': '/opt/ros/noetic/lib/pkgconfig', 'ROS_LOCALHOST_ONLY': '0', 'PATH': '/opt/ros/foxy/bin:/opt/ros/noetic/bin:/usr/local/sbin:/usr/local/bin:/usr/sbin:/usr/bin:/sbin:/bin', 'LANG': 'en_US.UTF-8', 'RMW_IMPLEMENTATION': 'rmw_cyclonedds_cpp', 'ROSLISP_PACKAGE_DIRECTORIES': '', 'ROS2_DISTRO': 'foxy', 'ROS_ROOT': '/opt/ros/noetic/share/ros', 'AMENT_PREFIX_PATH': '/opt/ros/foxy', 'DEBIAN_FRONTEND': 'noninteractive', 'ROS_MASTER_URI': 'http://10.0.0.212:11311/', 'PWD': '/home/custom_msg_ros1_bridge/ros2_ws/build/my_ros2_pkg', 'LC_ALL': 'en_US.UTF-8', 'ROS_MASTER_PORT': '11311', 'PYTHONPATH': '/home/custom_msg_ros1_bridge/ros2_ws/build/my_ros2_pkg/prefix_override:/home/custom_msg_ros1_bridge/ros2_ws/install/my_ros2_pkg/lib/python3.8/site-packages:/opt/ros/foxy/lib/python3.8/site-packages:/opt/ros/noetic/lib/python3/dist-packages', 'COLCON': '1', 'CMAKE_PREFIX_PATH': '/opt/ros/noetic'}, 'shell': False}
[0.500589] (-) TimerEvent: {}
[0.600756] (-) TimerEvent: {}
[0.606270] (my_ros2_pkg) StdoutLine: {'line': b'running egg_info\n'}
[0.606702] (my_ros2_pkg) StdoutLine: {'line': b'writing ../../build/my_ros2_pkg/my_ros2_pkg.egg-info/PKG-INFO\n'}
[0.607057] (my_ros2_pkg) StdoutLine: {'line': b'writing dependency_links to ../../build/my_ros2_pkg/my_ros2_pkg.egg-info/dependency_links.txt\n'}
[0.607158] (my_ros2_pkg) StdoutLine: {'line': b'writing entry points to ../../build/my_ros2_pkg/my_ros2_pkg.egg-info/entry_points.txt\n'}
[0.607227] (my_ros2_pkg) StdoutLine: {'line': b'writing requirements to ../../build/my_ros2_pkg/my_ros2_pkg.egg-info/requires.txt\n'}
[0.607283] (my_ros2_pkg) StdoutLine: {'line': b'writing top-level names to ../../build/my_ros2_pkg/my_ros2_pkg.egg-info/top_level.txt\n'}
[0.632330] (my_ros2_pkg) StdoutLine: {'line': b"reading manifest file '../../build/my_ros2_pkg/my_ros2_pkg.egg-info/SOURCES.txt'\n"}
[0.632924] (my_ros2_pkg) StdoutLine: {'line': b"writing manifest file '../../build/my_ros2_pkg/my_ros2_pkg.egg-info/SOURCES.txt'\n"}
[0.633025] (my_ros2_pkg) StdoutLine: {'line': b'running build\n'}
[0.633072] (my_ros2_pkg) StdoutLine: {'line': b'running build_py\n'}
[0.633190] (my_ros2_pkg) StdoutLine: {'line': b'running install\n'}
[0.633863] (my_ros2_pkg) StdoutLine: {'line': b'running install_lib\n'}
[0.634800] (my_ros2_pkg) StdoutLine: {'line': b'running install_data\n'}
[0.634934] (my_ros2_pkg) StdoutLine: {'line': b'running install_egg_info\n'}
[0.636027] (my_ros2_pkg) StdoutLine: {'line': b"removing '/home/custom_msg_ros1_bridge/ros2_ws/install/my_ros2_pkg/lib/python3.8/site-packages/my_ros2_pkg-0.0.0-py3.8.egg-info' (and everything under it)\n"}
[0.636234] (my_ros2_pkg) StdoutLine: {'line': b'Copying ../../build/my_ros2_pkg/my_ros2_pkg.egg-info to /home/custom_msg_ros1_bridge/ros2_ws/install/my_ros2_pkg/lib/python3.8/site-packages/my_ros2_pkg-0.0.0-py3.8.egg-info\n'}
[0.636725] (my_ros2_pkg) StdoutLine: {'line': b'running install_scripts\n'}
[0.648411] (my_ros2_pkg) StdoutLine: {'line': b'Installing my_publisher script to /home/custom_msg_ros1_bridge/ros2_ws/install/my_ros2_pkg/lib/my_ros2_pkg\n'}
[0.648607] (my_ros2_pkg) StdoutLine: {'line': b"writing list of installed files to '/home/custom_msg_ros1_bridge/ros2_ws/build/my_ros2_pkg/install.log'\n"}
[0.659595] (my_ros2_pkg) CommandEnded: {'returncode': 0}
[0.667038] (my_ros2_pkg) JobEnded: {'identifier': 'my_ros2_pkg', 'rc': 0}
[0.667393] (-) EventReactorShutdown: {}
