[0.945s] Invoking command in '/home/custom_msg_ros1_bridge/ros2_ws/src/my_ros2_pkg': PYTHONPATH=/home/custom_msg_ros1_bridge/ros2_ws/build/my_ros2_pkg/prefix_override:/home/custom_msg_ros1_bridge/ros2_ws/install/my_ros2_pkg/lib/python3.8/site-packages:${PYTHONPATH} /usr/bin/python3 -W ignore:setup.py install is deprecated setup.py egg_info --egg-base ../../build/my_ros2_pkg build --build-base /home/custom_msg_ros1_bridge/ros2_ws/build/my_ros2_pkg/build install --record /home/custom_msg_ros1_bridge/ros2_ws/build/my_ros2_pkg/install.log --install-scripts $base/lib/my_ros2_pkg --single-version-externally-managed install_data
[1.253s] running egg_info
[1.253s] writing ../../build/my_ros2_pkg/my_ros2_pkg.egg-info/PKG-INFO
[1.254s] writing dependency_links to ../../build/my_ros2_pkg/my_ros2_pkg.egg-info/dependency_links.txt
[1.255s] writing entry points to ../../build/my_ros2_pkg/my_ros2_pkg.egg-info/entry_points.txt
[1.255s] writing requirements to ../../build/my_ros2_pkg/my_ros2_pkg.egg-info/requires.txt
[1.256s] writing top-level names to ../../build/my_ros2_pkg/my_ros2_pkg.egg-info/top_level.txt
[1.300s] reading manifest file '../../build/my_ros2_pkg/my_ros2_pkg.egg-info/SOURCES.txt'
[1.302s] writing manifest file '../../build/my_ros2_pkg/my_ros2_pkg.egg-info/SOURCES.txt'
[1.302s] running build
[1.302s] running build_py
[1.303s] running install
[1.305s] running install_lib
[1.307s] running install_data
[1.307s] running install_egg_info
[1.309s] removing '/home/custom_msg_ros1_bridge/ros2_ws/install/my_ros2_pkg/lib/python3.8/site-packages/my_ros2_pkg-0.0.0-py3.8.egg-info' (and everything under it)
[1.341s] Copying ../../build/my_ros2_pkg/my_ros2_pkg.egg-info to /home/custom_msg_ros1_bridge/ros2_ws/install/my_ros2_pkg/lib/python3.8/site-packages/my_ros2_pkg-0.0.0-py3.8.egg-info
[1.342s] running install_scripts
[1.361s] Installing my_publisher script to /home/custom_msg_ros1_bridge/ros2_ws/install/my_ros2_pkg/lib/my_ros2_pkg
[1.361s] writing list of installed files to '/home/custom_msg_ros1_bridge/ros2_ws/build/my_ros2_pkg/install.log'
[1.386s] Invoked command in '/home/custom_msg_ros1_bridge/ros2_ws/src/my_ros2_pkg' returned '0': PYTHONPATH=/home/custom_msg_ros1_bridge/ros2_ws/build/my_ros2_pkg/prefix_override:/home/custom_msg_ros1_bridge/ros2_ws/install/my_ros2_pkg/lib/python3.8/site-packages:${PYTHONPATH} /usr/bin/python3 -W ignore:setup.py install is deprecated setup.py egg_info --egg-base ../../build/my_ros2_pkg build --build-base /home/custom_msg_ros1_bridge/ros2_ws/build/my_ros2_pkg/build install --record /home/custom_msg_ros1_bridge/ros2_ws/build/my_ros2_pkg/install.log --install-scripts $base/lib/my_ros2_pkg --single-version-externally-managed install_data
