[0.000000] (-) TimerEvent: {}
[0.000071] (my_ros2_pkg) JobQueued: {'identifier': 'my_ros2_pkg', 'dependencies': OrderedDict()}
[0.000608] (my_ros2_pkg) JobStarted: {'identifier': 'my_ros2_pkg'}
[0.099954] (-) TimerEvent: {}
[0.200223] (-) TimerEvent: {}
[0.300373] (-) TimerEvent: {}
[0.400517] (-) TimerEvent: {}
[0.465744] (my_ros2_pkg) Command: {'cmd': ['/usr/bin/python3', '-W', 'ignore:setup.py install is deprecated', 'setup.py', 'egg_info', '--egg-base', '../../build/my_ros2_pkg', 'build', '--build-base', '/home/custom_msg_ros1_bridge/ros2_ws/build/my_ros2_pkg/build', 'install', '--record', '/home/custom_msg_ros1_bridge/ros2_ws/build/my_ros2_pkg/install.log', '--install-scripts', '$base/lib/my_ros2_pkg', '--single-version-externally-managed', 'install_data'], 'cwd': '/home/custom_msg_ros1_bridge/ros2_ws/src/my_ros2_pkg', 'env': {'LANGUAGE': 'en_US.UTF-8', 'HOSTNAME': 'Corriere-Controller-Desktop', 'ROS_PACKAGE_PATH': '/opt/ros/noetic/share', 'ROS_ETC_DIR': '/opt/ros/noetic/etc/ros', 'SHLVL': '1', 'LD_LIBRARY_PATH': '/opt/ros/foxy/opt/yaml_cpp_vendor/lib:/opt/ros/foxy/opt/rviz_ogre_vendor/lib:/opt/ros/foxy/lib/x86_64-linux-gnu:/opt/ros/foxy/lib:/opt/ros/noetic/lib', 'HOME': '/root', 'OLDPWD': '/home/custom_msg_ros1_bridge/ros1_ws', 'ROS_PYTHON_VERSION': '3', 'ROS_IP': '10.0.0.212', 'ROS_DISTRO': 'foxy', '_': '/usr/bin/colcon', 'ROS_VERSION': '2', 'PKG_CONFIG_PATH': '/opt/ros/noetic/lib/pkgconfig', 'ROS_LOCALHOST_ONLY': '0', 'PATH': '/opt/ros/foxy/bin:/opt/ros/noetic/bin:/usr/local/sbin:/usr/local/bin:/usr/sbin:/usr/bin:/sbin:/bin', 'LANG': 'en_US.UTF-8', 'RMW_IMPLEMENTATION': 'rmw_cyclonedds_cpp', 'ROSLISP_PACKAGE_DIRECTORIES': '', 'ROS2_DISTRO': 'foxy', 'ROS_ROOT': '/opt/ros/noetic/share/ros', 'AMENT_PREFIX_PATH': '/opt/ros/foxy', 'DEBIAN_FRONTEND': 'noninteractive', 'ROS_MASTER_URI': 'http://10.0.0.212:11311/', 'PWD': '/home/custom_msg_ros1_bridge/ros2_ws/build/my_ros2_pkg', 'LC_ALL': 'en_US.UTF-8', 'ROS_MASTER_PORT': '11311', 'PYTHONPATH': '/home/custom_msg_ros1_bridge/ros2_ws/build/my_ros2_pkg/prefix_override:/home/custom_msg_ros1_bridge/ros2_ws/install/my_ros2_pkg/lib/python3.8/site-packages:/opt/ros/foxy/lib/python3.8/site-packages:/opt/ros/noetic/lib/python3/dist-packages', 'COLCON': '1', 'CMAKE_PREFIX_PATH': '/opt/ros/noetic'}, 'shell': False}
[0.500623] (-) TimerEvent: {}
[0.600830] (-) TimerEvent: {}
[0.617932] (my_ros2_pkg) StdoutLine: {'line': b'running egg_info\n'}
[0.618278] (my_ros2_pkg) StdoutLine: {'line': b'writing ../../build/my_ros2_pkg/my_ros2_pkg.egg-info/PKG-INFO\n'}
[0.618542] (my_ros2_pkg) StdoutLine: {'line': b'writing dependency_links to ../../build/my_ros2_pkg/my_ros2_pkg.egg-info/dependency_links.txt\n'}
[0.618623] (my_ros2_pkg) StdoutLine: {'line': b'writing entry points to ../../build/my_ros2_pkg/my_ros2_pkg.egg-info/entry_points.txt\n'}
[0.618669] (my_ros2_pkg) StdoutLine: {'line': b'writing requirements to ../../build/my_ros2_pkg/my_ros2_pkg.egg-info/requires.txt\n'}
[0.618708] (my_ros2_pkg) StdoutLine: {'line': b'writing top-level names to ../../build/my_ros2_pkg/my_ros2_pkg.egg-info/top_level.txt\n'}
[0.645442] (my_ros2_pkg) StdoutLine: {'line': b"reading manifest file '../../build/my_ros2_pkg/my_ros2_pkg.egg-info/SOURCES.txt'\n"}
[0.646028] (my_ros2_pkg) StdoutLine: {'line': b"writing manifest file '../../build/my_ros2_pkg/my_ros2_pkg.egg-info/SOURCES.txt'\n"}
[0.646108] (my_ros2_pkg) StdoutLine: {'line': b'running build\n'}
[0.646155] (my_ros2_pkg) StdoutLine: {'line': b'running build_py\n'}
[0.646285] (my_ros2_pkg) StdoutLine: {'line': b'running install\n'}
[0.646801] (my_ros2_pkg) StdoutLine: {'line': b'running install_lib\n'}
[0.647780] (my_ros2_pkg) StdoutLine: {'line': b'running install_data\n'}
[0.647874] (my_ros2_pkg) StdoutLine: {'line': b'running install_egg_info\n'}
[0.648864] (my_ros2_pkg) StdoutLine: {'line': b"removing '/home/custom_msg_ros1_bridge/ros2_ws/install/my_ros2_pkg/lib/python3.8/site-packages/my_ros2_pkg-0.0.0-py3.8.egg-info' (and everything under it)\n"}
[0.649056] (my_ros2_pkg) StdoutLine: {'line': b'Copying ../../build/my_ros2_pkg/my_ros2_pkg.egg-info to /home/custom_msg_ros1_bridge/ros2_ws/install/my_ros2_pkg/lib/python3.8/site-packages/my_ros2_pkg-0.0.0-py3.8.egg-info\n'}
[0.649338] (my_ros2_pkg) StdoutLine: {'line': b'running install_scripts\n'}
[0.662022] (my_ros2_pkg) StdoutLine: {'line': b'Installing my_publisher script to /home/custom_msg_ros1_bridge/ros2_ws/install/my_ros2_pkg/lib/my_ros2_pkg\n'}
[0.662163] (my_ros2_pkg) StdoutLine: {'line': b"writing list of installed files to '/home/custom_msg_ros1_bridge/ros2_ws/build/my_ros2_pkg/install.log'\n"}
[0.674820] (my_ros2_pkg) CommandEnded: {'returncode': 0}
[0.682920] (my_ros2_pkg) JobEnded: {'identifier': 'my_ros2_pkg', 'rc': 0}
[0.683315] (-) EventReactorShutdown: {}
